2024-09-21 13:11:20,611 [INFO] LogOutputStream:77 - [STDOUT_REDIRECT] 
2024-09-21 13:11:22,211 [INFO] ProjectBuilder:5097 - Time for Generating toolchain IDE Files: 2421mS.
2024-09-21 13:11:22,212 [INFO] ProjectBuilder:3107 - Time for Copy CMSIS : 1mS.
2024-09-21 13:11:22,214 [INFO] ProjectBuilder:3107 - Time for Copy CMSIS : 0mS.
2024-09-21 13:11:54,429 [INFO] Gpio:277 - dependency for GPIO [RCC, TIM2, USART3]
2024-09-21 13:12:53,506 [INFO] UtilMem:75 - End SaveConfig() Used Memory: 791274720 Bytes (1073741824)
2024-09-21 13:12:54,433 [INFO] UtilMem:75 - End SaveConfig() Used Memory: 835314912 Bytes (1073741824)
2024-09-21 13:12:55,280 [INFO] UtilMem:75 - End SaveConfig() Used Memory: 901904184 Bytes (1073741824)
2024-09-21 13:12:55,459 [INFO] BlockDiagram:2766 - set Specific Code input for plugin: TIM6_7
2024-09-21 13:12:55,459 [INFO] BlockDiagram:2766 - set Specific Code input for plugin: TIM1_8
2024-09-21 13:12:55,459 [INFO] BlockDiagram:2766 - set Specific Code input for plugin: SYS
2024-09-21 13:12:55,459 [INFO] BlockDiagram:2766 - set Specific Code input for plugin: RCC
2024-09-21 13:12:55,459 [INFO] BlockDiagram:2766 - set Specific Code input for plugin: NVIC
2024-09-21 13:12:55,459 [INFO] BlockDiagram:2766 - set Specific Code input for plugin: USART
2024-09-21 13:12:55,459 [INFO] BlockDiagram:2766 - set Specific Code input for plugin: GPIO
2024-09-21 13:12:55,461 [INFO] CodeGenerator:807 - code generatio: config db path: C:\ST\STM32CubeIDE_1.16.0\STM32CubeIDE\plugins\com.st.stm32cube.common.mx_6.12.0.202406281431\\db\
2024-09-21 13:12:55,554 [INFO] CodeEngine:255 - oldGeneratedFile, C:\Project\digital_clock\digital_clock\MXTmpFiles\license.tmp_save
2024-09-21 13:12:55,647 [INFO] CodeEngine:279 - Generated code: C:\Project\digital_clock\digital_clock\MXTmpFiles\license.tmp
2024-09-21 13:12:55,685 [INFO] CodeEngine:255 - oldGeneratedFile, C:\Project\digital_clock\digital_clock\Core\Src\gpio.c_save
2024-09-21 13:12:55,778 [INFO] CodeEngine:279 - Generated code: C:\Project\digital_clock\digital_clock\Core\Src\gpio.c
2024-09-21 13:12:55,782 [INFO] CodeEngine:255 - oldGeneratedFile, C:\Project\digital_clock\digital_clock\Core\Inc\gpio.h_save
2024-09-21 13:12:55,839 [INFO] CodeEngine:279 - Generated code: C:\Project\digital_clock\digital_clock\Core\Inc\gpio.h
2024-09-21 13:12:55,991 [INFO] CodeEngine:255 - oldGeneratedFile, C:\Project\digital_clock\digital_clock\Core\Src\tim.c_save
2024-09-21 13:12:56,090 [INFO] CodeEngine:279 - Generated code: C:\Project\digital_clock\digital_clock\Core\Src\tim.c
2024-09-21 13:12:56,095 [INFO] CodeEngine:255 - oldGeneratedFile, C:\Project\digital_clock\digital_clock\Core\Inc\tim.h_save
2024-09-21 13:12:56,152 [INFO] CodeEngine:279 - Generated code: C:\Project\digital_clock\digital_clock\Core\Inc\tim.h
2024-09-21 13:12:56,167 [INFO] CodeEngine:255 - oldGeneratedFile, C:\Project\digital_clock\digital_clock\Core\Src\usart.c_save
2024-09-21 13:12:56,244 [INFO] CodeEngine:279 - Generated code: C:\Project\digital_clock\digital_clock\Core\Src\usart.c
2024-09-21 13:12:56,248 [INFO] CodeEngine:255 - oldGeneratedFile, C:\Project\digital_clock\digital_clock\Core\Inc\usart.h_save
2024-09-21 13:12:56,317 [INFO] CodeEngine:279 - Generated code: C:\Project\digital_clock\digital_clock\Core\Inc\usart.h
2024-09-21 13:12:56,337 [INFO] CodeEngine:255 - oldGeneratedFile, C:\Project\digital_clock\digital_clock\Core\Src\stm32f4xx_it.c_save
2024-09-21 13:12:56,401 [INFO] CodeEngine:279 - Generated code: C:\Project\digital_clock\digital_clock\Core\Src\stm32f4xx_it.c
2024-09-21 13:12:56,405 [INFO] CodeEngine:255 - oldGeneratedFile, C:\Project\digital_clock\digital_clock\Core\Inc\stm32f4xx_it.h_save
2024-09-21 13:12:56,450 [INFO] CodeEngine:279 - Generated code: C:\Project\digital_clock\digital_clock\Core\Inc\stm32f4xx_it.h
2024-09-21 13:12:56,470 [INFO] CodeEngine:255 - oldGeneratedFile, C:\Project\digital_clock\digital_clock\Core\Src\stm32f4xx_hal_msp.c_save
2024-09-21 13:12:56,537 [INFO] CodeEngine:279 - Generated code: C:\Project\digital_clock\digital_clock\Core\Src\stm32f4xx_hal_msp.c
2024-09-21 13:12:56,539 [INFO] CodeEngine:255 - oldGeneratedFile, C:\Project\digital_clock\digital_clock\MXTmpFiles\system.tmp_save
2024-09-21 13:12:56,588 [INFO] CodeEngine:279 - Generated code: C:\Project\digital_clock\digital_clock\MXTmpFiles\system.tmp
2024-09-21 13:12:56,605 [INFO] CodeEngine:311 - oldGeneratedFile, C:\Project\digital_clock\digital_clock\Core\Inc\stm32f4xx_hal_conf.h_save
2024-09-21 13:12:56,680 [INFO] CodeEngine:335 - Generated code: C:\Project\digital_clock\digital_clock\Core\Inc\stm32f4xx_hal_conf.h
2024-09-21 13:12:56,716 [INFO] CodeEngine:255 - oldGeneratedFile, C:\Project\digital_clock\digital_clock\Core\Inc\main.h_save
2024-09-21 13:12:56,774 [INFO] CodeEngine:279 - Generated code: C:\Project\digital_clock\digital_clock\Core\Inc\main.h
2024-09-21 13:12:56,788 [INFO] CodeEngine:255 - oldGeneratedFile, C:\Project\digital_clock\digital_clock\Core\Src\main.c_save
2024-09-21 13:12:56,882 [INFO] CodeEngine:279 - Generated code: C:\Project\digital_clock\digital_clock\Core\Src\main.c
2024-09-21 13:12:57,127 [INFO] ProjectBuilder:3249 - Time for Copy HAL[1] : 107mS.
2024-09-21 13:12:57,130 [INFO] ProjectBuilder:4828 - Project Generator version: 4.4.0-B60
2024-09-21 13:12:57,187 [INFO] ConfigFileManager:1531 - The Die is : DIE413
2024-09-21 13:12:57,813 [INFO] ProjectBuilder:5097 - Time for Generating toolchain IDE Files: 683mS.
2024-09-21 13:12:57,814 [INFO] ProjectBuilder:3107 - Time for Copy CMSIS : 0mS.
2024-09-21 13:12:57,816 [INFO] ProjectBuilder:3107 - Time for Copy CMSIS : 0mS.
2024-09-21 15:04:09,768 [ERROR] LogOutputStream:75 - [STDERR_REDIRECT] 
